2025-04-18 10:44:29,506 - app.main - INFO - Starting up the application
2025-04-18 15:58:45,919 - app.main - INFO - Shutting down the application
2025-04-18 15:58:49,236 - app.main - INFO - Starting up the application
2025-04-18 16:04:46,440 - app.main - INFO - Starting up the application
2025-04-18 16:05:51,494 - app.main - INFO - Shutting down the application
2025-04-18 16:06:03,557 - app.main - INFO - Starting up the application
2025-04-18 16:59:33,285 - app.main - INFO - Shutting down the application
2025-04-18 16:59:35,214 - app.main - INFO - Starting up the application
2025-04-18 17:01:18,312 - app.main - INFO - Shutting down the application
2025-04-18 17:01:21,668 - app.main - INFO - Starting up the application
2025-04-18 17:01:48,634 - app.main - INFO - Shutting down the application
2025-04-18 17:01:49,970 - app.main - INFO - Starting up the application
2025-04-21 09:59:33,068 - app.main - INFO - Starting up the application
2025-04-21 10:02:00,433 - app.main - INFO - Shutting down the application
2025-04-21 10:02:01,937 - app.main - INFO - Starting up the application
2025-04-21 10:13:38,752 - app.main - INFO - Shutting down the application
2025-04-21 10:14:35,233 - app.main - INFO - Starting up the application
2025-04-21 10:14:54,930 - app.main - ERROR - MongoDB connection error: name 'db' is not defined
2025-04-21 10:25:17,321 - app.main - INFO - Shutting down the application
2025-04-21 10:25:19,516 - app.main - INFO - Starting up the application
2025-04-21 10:32:35,998 - app.main - INFO - Shutting down the application
2025-04-21 10:32:38,125 - app.main - INFO - Starting up the application
2025-04-21 10:33:06,578 - app.main - INFO - Shutting down the application
2025-04-21 10:33:07,979 - app.main - INFO - Starting up the application
2025-04-21 10:43:07,066 - app.main - INFO - Shutting down the application
2025-04-21 10:43:09,217 - app.main - INFO - Starting up the application
2025-04-21 11:18:00,325 - app.main - INFO - Shutting down the application
2025-04-21 11:18:03,764 - app.main - INFO - Starting up the application
2025-04-21 20:16:13,887 - app.main - INFO - Starting up the application
2025-04-21 20:56:39,652 - passlib.handlers.bcrypt - WARNING - (trapped) error reading bcrypt version
Traceback (most recent call last):
  File "C:\DataMining\datamining\backend\venv\Lib\site-packages\passlib\handlers\bcrypt.py", line 620, in _load_backend_mixin
    version = _bcrypt.__about__.__version__
              ^^^^^^^^^^^^^^^^^
AttributeError: module 'bcrypt' has no attribute '__about__'
2025-04-23 14:15:19,586 - app.main - INFO - Starting up the application
2025-04-23 14:29:27,642 - passlib.handlers.bcrypt - WARNING - (trapped) error reading bcrypt version
Traceback (most recent call last):
  File "C:\DataMining\datamining\backend\venv\Lib\site-packages\passlib\handlers\bcrypt.py", line 620, in _load_backend_mixin
    version = _bcrypt.__about__.__version__
              ^^^^^^^^^^^^^^^^^
AttributeError: module 'bcrypt' has no attribute '__about__'
2025-04-23 14:42:37,115 - app.main - INFO - Shutting down the application
2025-04-23 14:42:40,269 - app.main - INFO - Starting up the application
2025-04-23 14:43:26,564 - passlib.handlers.bcrypt - WARNING - (trapped) error reading bcrypt version
Traceback (most recent call last):
  File "C:\DataMining\datamining\backend\venv\Lib\site-packages\passlib\handlers\bcrypt.py", line 620, in _load_backend_mixin
    version = _bcrypt.__about__.__version__
              ^^^^^^^^^^^^^^^^^
AttributeError: module 'bcrypt' has no attribute '__about__'
2025-04-23 14:50:18,909 - app.main - INFO - Shutting down the application
2025-04-23 14:50:20,902 - app.main - INFO - Starting up the application
2025-04-23 14:50:45,344 - passlib.handlers.bcrypt - WARNING - (trapped) error reading bcrypt version
Traceback (most recent call last):
  File "C:\DataMining\datamining\backend\venv\Lib\site-packages\passlib\handlers\bcrypt.py", line 620, in _load_backend_mixin
    version = _bcrypt.__about__.__version__
              ^^^^^^^^^^^^^^^^^
AttributeError: module 'bcrypt' has no attribute '__about__'
2025-04-24 01:05:41,281 - app.main - INFO - Starting up the application
2025-04-24 01:05:58,800 - passlib.handlers.bcrypt - WARNING - (trapped) error reading bcrypt version
Traceback (most recent call last):
  File "C:\DataMining\datamining\backend\venv\Lib\site-packages\passlib\handlers\bcrypt.py", line 620, in _load_backend_mixin
    version = _bcrypt.__about__.__version__
              ^^^^^^^^^^^^^^^^^
AttributeError: module 'bcrypt' has no attribute '__about__'
2025-04-24 10:20:07,211 - app.main - INFO - Starting up the application
2025-04-24 10:26:13,331 - passlib.handlers.bcrypt - WARNING - (trapped) error reading bcrypt version
Traceback (most recent call last):
  File "C:\DataMining\datamining\backend\venv\Lib\site-packages\passlib\handlers\bcrypt.py", line 620, in _load_backend_mixin
    version = _bcrypt.__about__.__version__
              ^^^^^^^^^^^^^^^^^
AttributeError: module 'bcrypt' has no attribute '__about__'
<<<<<<< HEAD
2025-04-30 14:25:18,257 - app.main - INFO - Starting up the application
2025-04-30 14:37:48,178 - passlib.handlers.bcrypt - WARNING - (trapped) error reading bcrypt version
Traceback (most recent call last):
  File "D:\code\python\DataMining\.venv_311\Lib\site-packages\passlib\handlers\bcrypt.py", line 620, in _load_backend_mixin
    version = _bcrypt.__about__.__version__
              ^^^^^^^^^^^^^^^^^
AttributeError: module 'bcrypt' has no attribute '__about__'
2025-04-30 14:52:30,816 - app.main - INFO - Shutting down the application
2025-04-30 14:53:54,079 - app.main - INFO - Starting up the application
2025-04-30 14:54:25,145 - passlib.handlers.bcrypt - WARNING - (trapped) error reading bcrypt version
Traceback (most recent call last):
  File "D:\code\python\DataMining\.venv_311\Lib\site-packages\passlib\handlers\bcrypt.py", line 620, in _load_backend_mixin
    version = _bcrypt.__about__.__version__
              ^^^^^^^^^^^^^^^^^
AttributeError: module 'bcrypt' has no attribute '__about__'
2025-04-30 14:56:20,196 - app.main - INFO - Shutting down the application
2025-04-30 14:56:22,053 - app.main - INFO - Starting up the application
2025-04-30 14:56:31,529 - app.main - INFO - Shutting down the application
2025-04-30 14:56:32,772 - app.main - INFO - Starting up the application
2025-04-30 15:02:19,853 - passlib.handlers.bcrypt - WARNING - (trapped) error reading bcrypt version
Traceback (most recent call last):
  File "D:\code\python\DataMining\.venv_311\Lib\site-packages\passlib\handlers\bcrypt.py", line 620, in _load_backend_mixin
    version = _bcrypt.__about__.__version__
              ^^^^^^^^^^^^^^^^^
AttributeError: module 'bcrypt' has no attribute '__about__'
2025-04-30 15:11:26,699 - app.main - INFO - Shutting down the application
=======
2025-04-27 21:29:21,233 - app.main - INFO - Starting up the application
2025-04-27 22:48:36,972 - passlib.handlers.bcrypt - WARNING - (trapped) error reading bcrypt version
Traceback (most recent call last):
  File "C:\DataMining\datamining\backend\venv\Lib\site-packages\passlib\handlers\bcrypt.py", line 620, in _load_backend_mixin
    version = _bcrypt.__about__.__version__
              ^^^^^^^^^^^^^^^^^
AttributeError: module 'bcrypt' has no attribute '__about__'
2025-04-27 23:35:24,874 - app.main - INFO - Shutting down the application
2025-04-27 23:35:28,231 - app.main - INFO - Starting up the application
2025-04-27 23:36:01,872 - app.main - INFO - Shutting down the application
2025-04-27 23:36:03,253 - app.main - INFO - Starting up the application
2025-04-27 23:36:09,917 - passlib.handlers.bcrypt - WARNING - (trapped) error reading bcrypt version
Traceback (most recent call last):
  File "C:\DataMining\datamining\backend\venv\Lib\site-packages\passlib\handlers\bcrypt.py", line 620, in _load_backend_mixin
    version = _bcrypt.__about__.__version__
              ^^^^^^^^^^^^^^^^^
AttributeError: module 'bcrypt' has no attribute '__about__'
2025-04-28 13:23:12,585 - app.main - INFO - Starting up the application
2025-04-28 13:24:08,158 - passlib.handlers.bcrypt - WARNING - (trapped) error reading bcrypt version
Traceback (most recent call last):
  File "C:\DataMining\datamining\backend\venv\Lib\site-packages\passlib\handlers\bcrypt.py", line 620, in _load_backend_mixin
    version = _bcrypt.__about__.__version__
              ^^^^^^^^^^^^^^^^^
AttributeError: module 'bcrypt' has no attribute '__about__'
2025-04-28 13:30:45,299 - app.main - INFO - Shutting down the application
2025-04-28 13:30:48,161 - app.main - INFO - Starting up the application
2025-04-28 13:35:39,128 - app.main - INFO - Shutting down the application
2025-04-28 13:35:41,860 - app.main - INFO - Starting up the application
2025-04-28 21:37:15,310 - app.main - INFO - Starting up the application
2025-04-28 21:40:50,950 - passlib.handlers.bcrypt - WARNING - (trapped) error reading bcrypt version
Traceback (most recent call last):
  File "C:\DataMining\datamining\backend\venv\Lib\site-packages\passlib\handlers\bcrypt.py", line 620, in _load_backend_mixin
    version = _bcrypt.__about__.__version__
              ^^^^^^^^^^^^^^^^^
AttributeError: module 'bcrypt' has no attribute '__about__'
>>>>>>> 0947c73 (30/4)
